2023-03-29 20:28:06,445 INFO    StreamThr :8269 [internal.py:wandb_internal():87] W&B internal server running at pid: 8269, started at: 2023-03-29 20:28:06.444531
2023-03-29 20:28:06,446 DEBUG   HandlerThread:8269 [handler.py:handle_request():144] handle_request: status
2023-03-29 20:28:06,459 INFO    WriterThread:8269 [datastore.py:open_for_write():85] open: /home/seuyon0101/aiffel/saturi/notebook/Model/wandb/run-20230329_202806-mdiitljx/run-mdiitljx.wandb
2023-03-29 20:28:06,459 DEBUG   SenderThread:8269 [sender.py:send():336] send: header
2023-03-29 20:28:06,571 DEBUG   SenderThread:8269 [sender.py:send():336] send: run
2023-03-29 20:28:06,711 DEBUG   HandlerThread:8269 [handler.py:handle_request():144] handle_request: check_version
2023-03-29 20:28:06,712 INFO    SenderThread:8269 [dir_watcher.py:__init__():219] watching files in: /home/seuyon0101/aiffel/saturi/notebook/Model/wandb/run-20230329_202806-mdiitljx/files
2023-03-29 20:28:06,712 INFO    SenderThread:8269 [sender.py:_start_run_threads():1078] run started: mdiitljx with start time 1680121686.446617
2023-03-29 20:28:06,712 DEBUG   SenderThread:8269 [sender.py:send_request():363] send_request: summary_record
2023-03-29 20:28:06,712 INFO    SenderThread:8269 [sender.py:_save_file():1332] saving file wandb-summary.json with policy end
2023-03-29 20:28:06,712 DEBUG   SenderThread:8269 [sender.py:send_request():363] send_request: check_version
2023-03-29 20:28:06,886 DEBUG   HandlerThread:8269 [handler.py:handle_request():144] handle_request: run_start
2023-03-29 20:28:07,485 DEBUG   HandlerThread:8269 [system_info.py:__init__():31] System info init
2023-03-29 20:28:07,485 DEBUG   HandlerThread:8269 [system_info.py:__init__():46] System info init done
2023-03-29 20:28:07,485 INFO    HandlerThread:8269 [system_monitor.py:start():183] Starting system monitor
2023-03-29 20:28:07,486 INFO    SystemMonitor:8269 [system_monitor.py:_start():147] Starting system asset monitoring threads
2023-03-29 20:28:07,486 INFO    HandlerThread:8269 [system_monitor.py:probe():204] Collecting system info
2023-03-29 20:28:07,487 INFO    SystemMonitor:8269 [interfaces.py:start():187] Started cpu monitoring
2023-03-29 20:28:07,487 INFO    SystemMonitor:8269 [interfaces.py:start():187] Started disk monitoring
2023-03-29 20:28:07,488 INFO    SystemMonitor:8269 [interfaces.py:start():187] Started gpu monitoring
2023-03-29 20:28:07,489 INFO    SystemMonitor:8269 [interfaces.py:start():187] Started memory monitoring
2023-03-29 20:28:07,490 INFO    SystemMonitor:8269 [interfaces.py:start():187] Started network monitoring
2023-03-29 20:28:07,497 DEBUG   HandlerThread:8269 [system_info.py:probe():195] Probing system
2023-03-29 20:28:07,504 DEBUG   HandlerThread:8269 [system_info.py:_probe_git():180] Probing git
2023-03-29 20:28:07,518 DEBUG   HandlerThread:8269 [system_info.py:_probe_git():188] Probing git done
2023-03-29 20:28:07,519 DEBUG   HandlerThread:8269 [system_info.py:probe():240] Probing system done
2023-03-29 20:28:07,519 DEBUG   HandlerThread:8269 [system_monitor.py:probe():213] {'os': 'Linux-5.15.0-1030-gcp-x86_64-with-glibc2.31', 'python': '3.9.16', 'heartbeatAt': '2023-03-29T20:28:07.498029', 'startedAt': '2023-03-29T20:28:06.432344', 'docker': None, 'cuda': None, 'args': None, 'state': 'running', 'program': 'aiffel/saturi/notebook/Model/[Aiffelthon]_Saturi_BaseModel_tokenizer_sy.ipynb', 'root': '/home/seuyon0101/aiffel/saturi', 'git': {'remote': 'https://github.com/seuyon0101/saturi.git', 'commit': 'c82d624bcd62d026c2959975086e98d6dd6f6476'}, 'email': 'seuyon0101@gmail.com', 'host': 'aiffel-online01-saturi', 'username': 'seuyon0101', 'executable': '/home/seuyon0101/anaconda3/envs/saturi/bin/python', 'cpu_count': 4, 'cpu_count_logical': 8, 'cpu_freq': {'current': 2299.998, 'min': 0.0, 'max': 0.0}, 'cpu_freq_per_core': [{'current': 2299.998, 'min': 0.0, 'max': 0.0}, {'current': 2299.998, 'min': 0.0, 'max': 0.0}, {'current': 2299.998, 'min': 0.0, 'max': 0.0}, {'current': 2299.998, 'min': 0.0, 'max': 0.0}, {'current': 2299.998, 'min': 0.0, 'max': 0.0}, {'current': 2299.998, 'min': 0.0, 'max': 0.0}, {'current': 2299.998, 'min': 0.0, 'max': 0.0}, {'current': 2299.998, 'min': 0.0, 'max': 0.0}], 'disk': {'total': 290.5665702819824, 'used': 290.55094146728516}, 'gpu': 'Tesla V100-SXM2-16GB', 'gpu_count': 1, 'gpu_devices': [{'name': 'Tesla V100-SXM2-16GB', 'memory_total': 17179869184}], 'memory': {'total': 29.380165100097656}}
2023-03-29 20:28:07,519 INFO    HandlerThread:8269 [system_monitor.py:probe():214] Finished collecting system info
2023-03-29 20:28:07,519 INFO    HandlerThread:8269 [system_monitor.py:probe():217] Publishing system info
2023-03-29 20:28:07,519 DEBUG   HandlerThread:8269 [system_info.py:_save_pip():51] Saving list of pip packages installed into the current environment
2023-03-29 20:28:07,521 ERROR   HandlerThread:8269 [system_info.py:_save_pip():66] Error saving pip packages: [Errno 28] No space left on device
OSError: [Errno 28] No space left on device

During handling of the above exception, another exception occurred:

Traceback (most recent call last):
  File "/home/seuyon0101/anaconda3/envs/saturi/lib/python3.9/site-packages/wandb/sdk/internal/system/system_info.py", line 64, in _save_pip
    f.write("\n".join(installed_packages_list))
OSError: [Errno 28] No space left on device
2023-03-29 20:28:07,523 DEBUG   HandlerThread:8269 [system_info.py:_save_pip():67] Saving pip packages done
2023-03-29 20:28:07,523 DEBUG   HandlerThread:8269 [system_info.py:_save_conda():74] Saving list of conda packages installed into the current environment
2023-03-29 20:28:07,714 INFO    Thread-13 :8269 [dir_watcher.py:_on_file_created():278] file/dir created: /home/seuyon0101/aiffel/saturi/notebook/Model/wandb/run-20230329_202806-mdiitljx/files/conda-environment.yaml
2023-03-29 20:28:07,714 INFO    Thread-13 :8269 [dir_watcher.py:_on_file_created():278] file/dir created: /home/seuyon0101/aiffel/saturi/notebook/Model/wandb/run-20230329_202806-mdiitljx/files/wandb-summary.json
2023-03-29 20:28:07,715 INFO    Thread-13 :8269 [dir_watcher.py:_on_file_created():278] file/dir created: /home/seuyon0101/aiffel/saturi/notebook/Model/wandb/run-20230329_202806-mdiitljx/files/requirements.txt
2023-03-29 20:28:11,553 DEBUG   HandlerThread:8269 [system_info.py:_save_conda():86] Saving conda packages done
2023-03-29 20:28:11,712 INFO    WriterThread:8269 [datastore.py:close():298] close: /home/seuyon0101/aiffel/saturi/notebook/Model/wandb/run-20230329_202806-mdiitljx/run-mdiitljx.wandb
2023-03-29 20:28:11,716 INFO    Thread-13 :8269 [dir_watcher.py:_on_file_modified():295] file/dir modified: /home/seuyon0101/aiffel/saturi/notebook/Model/wandb/run-20230329_202806-mdiitljx/files/conda-environment.yaml
2023-03-29 20:28:11,716 INFO    Thread-13 :8269 [dir_watcher.py:_on_file_created():278] file/dir created: /home/seuyon0101/aiffel/saturi/notebook/Model/wandb/run-20230329_202806-mdiitljx/files/wandb-metadata.json
2023-03-29 20:28:11,840 INFO    SenderThread:8269 [sender.py:finish():1504] shutting down sender
2023-03-29 20:28:11,841 INFO    SenderThread:8269 [dir_watcher.py:finish():365] shutting down directory watcher
2023-03-29 20:28:12,717 INFO    SenderThread:8269 [dir_watcher.py:finish():395] scan: /home/seuyon0101/aiffel/saturi/notebook/Model/wandb/run-20230329_202806-mdiitljx/files
2023-03-29 20:28:12,717 INFO    SenderThread:8269 [dir_watcher.py:finish():409] scan save: /home/seuyon0101/aiffel/saturi/notebook/Model/wandb/run-20230329_202806-mdiitljx/files/conda-environment.yaml conda-environment.yaml
2023-03-29 20:28:12,719 INFO    SenderThread:8269 [dir_watcher.py:finish():409] scan save: /home/seuyon0101/aiffel/saturi/notebook/Model/wandb/run-20230329_202806-mdiitljx/files/requirements.txt requirements.txt
2023-03-29 20:28:12,719 INFO    SenderThread:8269 [dir_watcher.py:finish():409] scan save: /home/seuyon0101/aiffel/saturi/notebook/Model/wandb/run-20230329_202806-mdiitljx/files/wandb-summary.json wandb-summary.json
2023-03-29 20:28:12,719 INFO    SenderThread:8269 [dir_watcher.py:finish():409] scan save: /home/seuyon0101/aiffel/saturi/notebook/Model/wandb/run-20230329_202806-mdiitljx/files/config.yaml config.yaml
2023-03-29 20:28:12,725 INFO    SenderThread:8269 [dir_watcher.py:finish():409] scan save: /home/seuyon0101/aiffel/saturi/notebook/Model/wandb/run-20230329_202806-mdiitljx/files/wandb-metadata.json wandb-metadata.json
2023-03-29 20:28:12,728 INFO    SenderThread:8269 [file_pusher.py:finish():164] shutting down file pusher
2023-03-29 20:28:12,729 INFO    SenderThread:8269 [file_pusher.py:join():169] waiting for file pusher
2023-03-29 20:28:12,987 INFO    wandb-upload_0:8269 [upload_job.py:push():138] Uploaded file /home/seuyon0101/aiffel/saturi/notebook/Model/wandb/run-20230329_202806-mdiitljx/files/wandb-summary.json
2023-03-29 20:28:13,161 INFO    wandb-upload_1:8269 [upload_job.py:push():138] Uploaded file /home/seuyon0101/aiffel/saturi/notebook/Model/wandb/run-20230329_202806-mdiitljx/files/config.yaml
2023-03-29 20:28:13,773 ERROR   StreamThr :8269 [internal.py:wandb_internal():175] Thread WriterThread:
Traceback (most recent call last):
  File "/home/seuyon0101/anaconda3/envs/saturi/lib/python3.9/site-packages/wandb/sdk/internal/internal_util.py", line 49, in run
    self._run()
  File "/home/seuyon0101/anaconda3/envs/saturi/lib/python3.9/site-packages/wandb/sdk/internal/internal_util.py", line 101, in _run
    self._finish()
  File "/home/seuyon0101/anaconda3/envs/saturi/lib/python3.9/site-packages/wandb/sdk/internal/internal.py", line 384, in _finish
    self._wm.finish()
  File "/home/seuyon0101/anaconda3/envs/saturi/lib/python3.9/site-packages/wandb/sdk/internal/writer.py", line 201, in finish
    self._ds.close()
  File "/home/seuyon0101/anaconda3/envs/saturi/lib/python3.9/site-packages/wandb/sdk/internal/datastore.py", line 299, in close
    self._fp.close()
OSError: [Errno 28] No space left on device
